<?xml version="1.0" encoding="UTF-8"?>
<testng-results ignored="0" total="1" passed="1" failed="0" skipped="0">
  <reporter-output>
  </reporter-output>
  <suite started-at="2023-02-19T11:13:07 CST" name="Default suite" finished-at="2023-02-19T11:13:16 CST" duration-ms="8170">
    <groups>
    </groups>
    <test started-at="2023-02-19T11:13:07 CST" name="Default test" finished-at="2023-02-19T11:13:16 CST" duration-ms="8170">
      <class name="tests.Duplicate_Category_Test">
        <test-method signature="ValidateUserShouldNotAbleToAddDuplicateCategory()[pri:0, instance:tests.Duplicate_Category_Test@61386958]" started-at="2023-02-19T11:13:07 CST" name="ValidateUserShouldNotAbleToAddDuplicateCategory" finished-at="2023-02-19T11:13:16 CST" duration-ms="8146" status="PASS">
          <reporter-output>
          </reporter-output>
        </test-method> <!-- ValidateUserShouldNotAbleToAddDuplicateCategory -->
      </class> <!-- tests.Duplicate_Category_Test -->
    </test> <!-- Default test -->
  </suite> <!-- Default suite -->
</testng-results>
